<?xml version="1.0" encoding="UTF-8"?>
<testng-results ignored="1" total="2" passed="1" failed="0" skipped="0">
  <reporter-output>
  </reporter-output>
  <suite started-at="2025-03-03T11:15:32 CET" name="Surefire suite" finished-at="2025-03-03T11:15:38 CET" duration-ms="6014">
    <groups>
    </groups>
    <test started-at="2025-03-03T11:15:32 CET" name="Surefire test" finished-at="2025-03-03T11:15:38 CET" duration-ms="6014">
      <class name="loginTest.FirstLoginTest">
        <test-method is-config="true" signature="setUp()[pri:0, instance:loginTest.FirstLoginTest@1534f01b]" started-at="2025-03-03T11:15:32 CET" name="setUp" finished-at="2025-03-03T11:15:34 CET" duration-ms="1796" status="PASS">
          <reporter-output>
          </reporter-output>
        </test-method> <!-- setUp -->
        <test-method signature="testLogIn()[pri:0, instance:loginTest.FirstLoginTest@1534f01b]" started-at="2025-03-03T11:15:34 CET" name="testLogIn" finished-at="2025-03-03T11:15:38 CET" duration-ms="4195" status="PASS">
          <reporter-output>
          </reporter-output>
        </test-method> <!-- testLogIn -->
        <test-method is-config="true" signature="tearDown()[pri:0, instance:loginTest.FirstLoginTest@1534f01b]" started-at="2025-03-03T11:15:38 CET" name="tearDown" finished-at="2025-03-03T11:15:38 CET" duration-ms="0" status="PASS">
          <reporter-output>
          </reporter-output>
        </test-method> <!-- tearDown -->
      </class> <!-- loginTest.FirstLoginTest -->
    </test> <!-- Surefire test -->
  </suite> <!-- Surefire suite -->
</testng-results>
