<?xml version="1.0" encoding="UTF-8"?>
<!-- Generated by org.testng.reporters.JUnitXMLReporter -->
<testsuite ignored="1" hostname="Dávid" failures="0" tests="1" name="Command line test" time="5.858" errors="0" timestamp="2025-03-03T11:01:56 CET">
  <testcase classname="loginTest.FirstLoginTest" name="testFailedLogIn" time="4.226"/>
  <testcase classname="loginTest.FirstLoginTest" name="testLogIn" time="0.0">
    <ignored/>
  </testcase> <!-- testLogIn -->
</testsuite> <!-- Command line test -->
